<?xml version="1.0" encoding="UTF-8"?>
<!-- Generated by org.testng.reporters.JUnitReportReporter -->
<testsuite hostname="Tikas-MacBook-Air.local" failures="0" tests="1" name="org.org_name.prj_name.automation.RadioButton_CheckBox" time="18.000" errors="0" timestamp="2024-04-27T10:40:27 PDT" skipped="0">
  <testcase classname="org.org_name.prj_name.automation.RadioButton_CheckBox" name="tc_rdbtn_ckbx" time="18.000"/>
  <system-out/>
</testsuite> <!-- org.org_name.prj_name.automation.RadioButton_CheckBox -->
