<?xml version="1.0" encoding="UTF-8"?>
<!-- Generated by org.testng.reporters.JUnitReportReporter -->
<testsuite hostname="Tikas-MacBook-Air.local" failures="0" tests="6" name="groups_Demo2.Groups_Demo2" time="0.027" errors="0" timestamp="2024-04-16T17:11:52 PDT" skipped="0">
  <testcase classname="groups_Demo2.Groups_Demo2" name="testcase5" time="0.002"/>
  <system-out/>
  <testcase classname="groups_Demo2.Groups_Demo2" name="testcase2" time="0.002"/>
  <system-out/>
  <testcase classname="groups_Demo2.Groups_Demo2" name="testcase4" time="0.006"/>
  <system-out/>
  <testcase classname="groups_Demo2.Groups_Demo2" name="testcase7" time="0.001"/>
  <system-out/>
  <testcase classname="groups_Demo2.Groups_Demo2" name="testcase3" time="0.010"/>
  <system-out/>
  <testcase classname="groups_Demo2.Groups_Demo2" name="testcase6" time="0.006"/>
  <system-out/>
</testsuite> <!-- groups_Demo2.Groups_Demo2 -->
