<?xml version="1.0" encoding="UTF-8"?>
<!-- Generated by org.testng.reporters.JUnitReportReporter -->
<testsuite hostname="Tikas-MacBook-Air.local" failures="0" tests="2" name="org.org_name.prj_name.automation.Handle_Alerts_Frames" time="20.679" errors="0" timestamp="2024-04-29T17:10:15 PDT" skipped="1">
  <testcase classname="org.org_name.prj_name.automation.Handle_Alerts_Frames" name="handle_frames" time="20.679"/>
  <system-out/>
  <testcase classname="org.org_name.prj_name.automation.Handle_Alerts_Frames" name="handle_alerts">
    <skipped/>
  </testcase> <!-- handle_alerts -->
  <system-out/>
</testsuite> <!-- org.org_name.prj_name.automation.Handle_Alerts_Frames -->
