<?xml version="1.0" encoding="UTF-8"?>
<!-- Generated by org.testng.reporters.JUnitReportReporter -->
<testsuite hostname="Tikas-MacBook-Air.local" failures="0" tests="6" name="groups_Demo1.Groups_Demo1" time="0.019" errors="0" timestamp="2024-04-16T17:11:52 PDT" skipped="0">
  <testcase classname="groups_Demo1.Groups_Demo1" name="testcase2" time="0.004"/>
  <system-out/>
  <testcase classname="groups_Demo1.Groups_Demo1" name="testcase4" time="0.001"/>
  <system-out/>
  <testcase classname="groups_Demo1.Groups_Demo1" name="testcase3" time="0.004"/>
  <system-out/>
  <testcase classname="groups_Demo1.Groups_Demo1" name="testcase5" time="0.003"/>
  <system-out/>
  <testcase classname="groups_Demo1.Groups_Demo1" name="testcase6" time="0.002"/>
  <system-out/>
  <testcase classname="groups_Demo1.Groups_Demo1" name="testcase7" time="0.005"/>
  <system-out/>
</testsuite> <!-- groups_Demo1.Groups_Demo1 -->
