<?xml version="1.0" encoding="UTF-8"?>
<!-- Generated by org.testng.reporters.JUnitReportReporter -->
<testsuite hostname="Tikas-MacBook-Air.local" failures="0" tests="6" name="testNG_Scripts.DepensOnMethods" time="0.050" errors="0" timestamp="2024-04-16T17:11:52 PDT" skipped="0">
  <testcase classname="testNG_Scripts.DepensOnMethods" name="testcase5" time="0.001"/>
  <system-out/>
  <testcase classname="testNG_Scripts.DepensOnMethods" name="testcase6" time="0.002"/>
  <system-out/>
  <testcase classname="testNG_Scripts.DepensOnMethods" name="testcase4" time="0.003"/>
  <system-out/>
  <testcase classname="testNG_Scripts.DepensOnMethods" name="testcase3" time="0.020"/>
  <system-out/>
  <testcase classname="testNG_Scripts.DepensOnMethods" name="testcase2" time="0.017"/>
  <system-out/>
  <testcase classname="testNG_Scripts.DepensOnMethods" name="testcase1" time="0.007"/>
  <system-out/>
</testsuite> <!-- testNG_Scripts.DepensOnMethods -->
