<?xml version="1.0" encoding="UTF-8"?>
<!-- Generated by org.testng.reporters.JUnitReportReporter -->
<testsuite hostname="Tikas-MacBook-Air.local" failures="0" tests="1" name="org.org_name.prj_name.automation.HandleWindows" time="25.926" errors="0" timestamp="2024-04-30T18:37:07 PDT" skipped="0">
  <testcase classname="org.org_name.prj_name.automation.HandleWindows" name="tc_001_manage_windowhandles" time="25.926"/>
  <system-out/>
</testsuite> <!-- org.org_name.prj_name.automation.HandleWindows -->
