<?xml version="1.0" encoding="UTF-8"?>
<!-- Generated by org.testng.reporters.JUnitReportReporter -->
<testsuite hostname="Tikas-MacBook-Air.local" failures="0" tests="1" name="org.org_name.prj_name.automation.Close_Vs_Quit" time="18.733" errors="0" timestamp="2024-04-25T18:35:59 PDT" skipped="0">
  <testcase classname="org.org_name.prj_name.automation.Close_Vs_Quit" name="tc_close_quit" time="18.733"/>
  <system-out/>
</testsuite> <!-- org.org_name.prj_name.automation.Close_Vs_Quit -->
