<?xml version="1.0" encoding="UTF-8"?>
<!-- Generated by org.testng.reporters.JUnitReportReporter -->
<testsuite hostname="Tikas-MacBook-Air.local" failures="0" tests="1" name="org.org_name.prj_name.automation.Main_Class" time="7.398" errors="0" timestamp="2024-04-30T18:18:23 PDT" skipped="0">
  <testcase classname="org.org_name.prj_name.automation.Main_Class" name="First_Method" time="7.398"/>
  <system-out/>
</testsuite> <!-- org.org_name.prj_name.automation.Main_Class -->
