<?xml version="1.0" encoding="UTF-8"?>
<!-- Generated by org.testng.reporters.JUnitReportReporter -->
<testsuite hostname="Tikas-MacBook-Air.local" failures="0" tests="6" name="testNG_Scripts.Test_Scenario2" time="0.036" errors="0" timestamp="2024-04-16T15:09:53 PDT" skipped="1">
  <testcase classname="testNG_Scripts.Test_Scenario2" name="testcase7" time="0.022"/>
  <system-out/>
  <testcase classname="testNG_Scripts.Test_Scenario2" name="testcase6" time="0.004"/>
  <system-out/>
  <testcase classname="testNG_Scripts.Test_Scenario2" name="testcase3" time="0.004"/>
  <system-out/>
  <testcase classname="testNG_Scripts.Test_Scenario2" name="testcase5" time="0.003"/>
  <system-out/>
  <testcase classname="testNG_Scripts.Test_Scenario2" name="testcase4" time="0.003"/>
  <system-out/>
  <testcase classname="testNG_Scripts.Test_Scenario2" name="testcase2">
    <skipped/>
  </testcase> <!-- testcase2 -->
  <system-out/>
</testsuite> <!-- testNG_Scripts.Test_Scenario2 -->
