<?xml version="1.0" encoding="UTF-8"?>
<!-- Generated by org.testng.reporters.JUnitReportReporter -->
<testsuite hostname="Tikas-MacBook-Air.local" failures="0" tests="2" name="org.org_name.prj_name.automation.Navigate_To" time="37.835" errors="0" timestamp="2024-04-23T18:04:15 PDT" skipped="0">
  <testcase classname="org.org_name.prj_name.automation.Navigate_To" name="pass_google_URL" time="29.940"/>
  <system-out/>
  <testcase classname="org.org_name.prj_name.automation.Navigate_To" name="pass_facebook_URL" time="7.895"/>
  <system-out/>
</testsuite> <!-- org.org_name.prj_name.automation.Navigate_To -->
