<?xml version="1.0" encoding="UTF-8"?>
<!-- Generated by org.testng.reporters.JUnitReportReporter -->
<testsuite hostname="Tikas-MacBook-Air.local" failures="0" tests="2" name="org.org_name.prj_name.automation.HandleKeyboard" time="13.237" errors="0" timestamp="2024-04-28T22:31:02 PDT" skipped="1">
  <testcase classname="org.org_name.prj_name.automation.HandleKeyboard" name="managemouse" time="13.237"/>
  <system-out/>
  <testcase classname="org.org_name.prj_name.automation.HandleKeyboard" name="managekeyboard">
    <skipped/>
  </testcase> <!-- managekeyboard -->
  <system-out/>
</testsuite> <!-- org.org_name.prj_name.automation.HandleKeyboard -->
