<?xml version="1.0" encoding="UTF-8"?>
<!-- Generated by org.testng.reporters.JUnitReportReporter -->
<testsuite hostname="Tikas-MacBook-Air.local" failures="0" tests="6" name="testNG_Scripts.Priority_And_Enabled_False" time="0.020" errors="0" timestamp="2024-04-16T17:11:52 PDT" skipped="1">
  <testcase classname="testNG_Scripts.Priority_And_Enabled_False" name="testcase7" time="0.002"/>
  <system-out/>
  <testcase classname="testNG_Scripts.Priority_And_Enabled_False" name="testcase6" time="0.001"/>
  <system-out/>
  <testcase classname="testNG_Scripts.Priority_And_Enabled_False" name="testcase3" time="0.014"/>
  <system-out/>
  <testcase classname="testNG_Scripts.Priority_And_Enabled_False" name="testcase5" time="0.001"/>
  <system-out/>
  <testcase classname="testNG_Scripts.Priority_And_Enabled_False" name="testcase4" time="0.002"/>
  <system-out/>
  <testcase classname="testNG_Scripts.Priority_And_Enabled_False" name="testcase2">
    <skipped/>
  </testcase> <!-- testcase2 -->
  <system-out/>
</testsuite> <!-- testNG_Scripts.Priority_And_Enabled_False -->
