<?xml version="1.0" encoding="UTF-8"?>
<!-- Generated by org.testng.reporters.JUnitReportReporter -->
<testsuite hostname="Tikas-MacBook-Air.local" failures="0" tests="1" name="org.org_name.prj_name.automation.Fetch_Element_Is_Selected_Enabled_Displayed" time="16.200" errors="0" timestamp="2024-04-27T16:07:53 PDT" skipped="0">
  <testcase classname="org.org_name.prj_name.automation.Fetch_Element_Is_Selected_Enabled_Displayed" name="tc_isSelected_isEnabled_isDisplayed" time="16.200"/>
  <system-out/>
</testsuite> <!-- org.org_name.prj_name.automation.Fetch_Element_Is_Selected_Enabled_Displayed -->
