<?xml version="1.0" encoding="UTF-8"?>
<!-- Generated by org.testng.reporters.JUnitReportReporter -->
<testsuite hostname="Tikas-MacBook-Air.local" failures="0" tests="1" name="testNG_Scripts.Test_Scenario4" time="0.016" errors="0" timestamp="2024-04-16T17:11:52 PDT" skipped="0">
  <testcase classname="testNG_Scripts.Test_Scenario4" name="testcase1" time="0.016"/>
  <system-out/>
</testsuite> <!-- testNG_Scripts.Test_Scenario4 -->
