<?xml version="1.0" encoding="UTF-8"?>
<!-- Generated by org.testng.reporters.JUnitReportReporter -->
<testsuite hostname="Tikas-MacBook-Air.local" failures="0" tests="6" name="testNG_Scripts.Groups_Demo" time="0.018" errors="0" timestamp="2024-04-16T17:11:52 PDT" skipped="0">
  <testcase classname="testNG_Scripts.Groups_Demo" name="testcase6" time="0.002"/>
  <system-out/>
  <testcase classname="testNG_Scripts.Groups_Demo" name="testcase4" time="0.004"/>
  <system-out/>
  <testcase classname="testNG_Scripts.Groups_Demo" name="testcase7" time="0.001"/>
  <system-out/>
  <testcase classname="testNG_Scripts.Groups_Demo" name="testcase2" time="0.003"/>
  <system-out/>
  <testcase classname="testNG_Scripts.Groups_Demo" name="testcase5" time="0.006"/>
  <system-out/>
  <testcase classname="testNG_Scripts.Groups_Demo" name="testcase3" time="0.002"/>
  <system-out/>
</testsuite> <!-- testNG_Scripts.Groups_Demo -->
